<?xml version="1.0" encoding="UTF-8"?>
<testng-results skipped="0" failed="0" ignored="0" total="1" passed="1">
  <reporter-output>
  </reporter-output>
  <suite name="BaiduTestSel" duration-ms="4476" started-at="2018-05-10T09:13:33Z" finished-at="2018-05-10T09:13:38Z">
    <groups>
      <group name="BaiduTestGroup">
        <method signature="HomePageTestCase.testHomePage()[pri:1, instance:BaiduTestCase.HomePageTestCase@34d26e27]" name="testHomePage" class="BaiduTestCase.HomePageTestCase"/>
      </group> <!-- BaiduTestGroup -->
    </groups>
    <test name="Baidu" duration-ms="4476" started-at="2018-05-10T09:13:33Z" finished-at="2018-05-10T09:13:38Z">
      <class name="BaiduTestCase.HomePageTestCase">
        <test-method status="PASS" signature="beforeSuite()[pri:0, instance:BaiduTestCase.HomePageTestCase@34d26e27]" name="beforeSuite" is-config="true" duration-ms="68" started-at="2018-05-10T09:13:33Z" finished-at="2018-05-10T09:13:33Z">
          <reporter-output>
          </reporter-output>
        </test-method> <!-- beforeSuite -->
        <test-method status="PASS" signature="testHomePage()[pri:1, instance:BaiduTestCase.HomePageTestCase@34d26e27]" name="testHomePage" duration-ms="4448" started-at="2018-05-10T09:13:33Z" description="should open baidu home page" finished-at="2018-05-10T09:13:38Z">
          <reporter-output>
          </reporter-output>
        </test-method> <!-- testHomePage -->
        <test-method status="PASS" signature="afterSuite()[pri:0, instance:BaiduTestCase.HomePageTestCase@34d26e27]" name="afterSuite" is-config="true" duration-ms="1518" started-at="2018-05-10T09:13:38Z" finished-at="2018-05-10T09:13:39Z">
          <reporter-output>
          </reporter-output>
        </test-method> <!-- afterSuite -->
      </class> <!-- BaiduTestCase.HomePageTestCase -->
    </test> <!-- Baidu -->
  </suite> <!-- BaiduTestSel -->
</testng-results>
